----------

Thu Feb 06 2020 12:03:11 GMT+0000 (GMT Standard Time)

warning: LF will be replaced by CRLF in assets/bootstrap/css/bootstrap.min.css.
The file will have its original line endings in your working directory.


----------

Thu Feb 06 2020 12:03:11 GMT+0000 (GMT Standard Time)

warning: LF will be replaced by CRLF in assets/bootstrap/js/bootstrap.min.js.
The file will have its original line endings in your working directory.


----------

Thu Feb 06 2020 12:03:11 GMT+0000 (GMT Standard Time)

warning: LF will be replaced by CRLF in assets/js/jquery.min.js.
The file will have its original line endings in your working directory.


----------

Thu Feb 06 2020 12:03:11 GMT+0000 (GMT Standard Time)

warning: LF will be replaced by CRLF in index.html.
The file will have its original line endings in your working directory.


----------

Thu Feb 06 2020 12:03:11 GMT+0000 (GMT Standard Time)

warning: LF will be replaced by CRLF in index.html.
The file will have its original line endings in your working directory.


----------

Thu Feb 06 2020 12:03:11 GMT+0000 (GMT Standard Time)

warning: LF will be replaced by CRLF in index.html.
The file will have its original line endings in your working directory.


----------

Thu Feb 06 2020 12:03:12 GMT+0000 (GMT Standard Time)

bash: /dev/tty: No such device or address


----------

Thu Feb 06 2020 12:03:12 GMT+0000 (GMT Standard Time)

error: failed to execute prompt script (exit code 1)


----------

Thu Feb 06 2020 12:03:12 GMT+0000 (GMT Standard Time)

fatal: could not read Username for 'https://github.com': Invalid argument


----------

Thu Feb 06 2020 12:39:01 GMT+0000 (GMT Standard Time)

warning: LF will be replaced by CRLF in assets/bootstrap/css/bootstrap.min.css.
The file will have its original line endings in your working directory.


----------

Thu Feb 06 2020 12:39:01 GMT+0000 (GMT Standard Time)

warning: LF will be replaced by CRLF in assets/bootstrap/js/bootstrap.min.js.
The file will have its original line endings in your working directory.


----------

Thu Feb 06 2020 12:39:01 GMT+0000 (GMT Standard Time)

warning: LF will be replaced by CRLF in assets/js/jquery.min.js.
The file will have its original line endings in your working directory.


----------

Thu Feb 06 2020 12:39:01 GMT+0000 (GMT Standard Time)

warning: LF will be replaced by CRLF in index.html.
The file will have its original line endings in your working directory.


----------

Thu Feb 06 2020 12:39:01 GMT+0000 (GMT Standard Time)

warning: LF will be replaced by CRLF in index.html.
The file will have its original line endings in your working directory.


----------

Thu Feb 06 2020 12:39:01 GMT+0000 (GMT Standard Time)

warning: LF will be replaced by CRLF in index.html.
The file will have its original line endings in your working directory.


----------

Thu Feb 06 2020 12:39:02 GMT+0000 (GMT Standard Time)

bash: /dev/tty: No such device or address


----------

Thu Feb 06 2020 12:39:02 GMT+0000 (GMT Standard Time)

error: failed to execute prompt script (exit code 1)


----------

Thu Feb 06 2020 12:39:02 GMT+0000 (GMT Standard Time)

fatal: could not read Username for 'https://github.com': Invalid argument


----------

Thu Feb 06 2020 12:44:58 GMT+0000 (GMT Standard Time)

warning: LF will be replaced by CRLF in assets/bootstrap/css/bootstrap.min.css.
The file will have its original line endings in your working directory.
warning: LF will be replaced by CRLF in assets/bootstrap/js/bootstrap.min.js.
The file will have its original line endings in your working directory.
warning: LF will be replaced by CRLF in assets/js/jquery.min.js.
The file will have its original line endings in your working directory.


----------

Thu Feb 06 2020 12:44:58 GMT+0000 (GMT Standard Time)

warning: LF will be replaced by CRLF in error.log.
The file will have its original line endings in your working directory.


----------

Thu Feb 06 2020 12:44:58 GMT+0000 (GMT Standard Time)

warning: LF will be replaced by CRLF in index.html.
The file will have its original line endings in your working directory.


----------

Thu Feb 06 2020 12:44:58 GMT+0000 (GMT Standard Time)

warning: LF will be replaced by CRLF in index.html.
The file will have its original line endings in your working directory.
warning: LF will be replaced by CRLF in index.html.
The file will have its original line endings in your working directory.


----------

Thu Feb 06 2020 12:44:59 GMT+0000 (GMT Standard Time)

bash: /dev/tty: No such device or address


----------

Thu Feb 06 2020 12:44:59 GMT+0000 (GMT Standard Time)

error: failed to execute prompt script (exit code 1)
fatal: could not read Username for 'https://github.com': Invalid argument


----------

Thu Feb 06 2020 12:58:54 GMT+0000 (GMT Standard Time)

warning: LF will be replaced by CRLF in assets/bootstrap/css/bootstrap.min.css.
The file will have its original line endings in your working directory.


----------

Thu Feb 06 2020 12:58:54 GMT+0000 (GMT Standard Time)

warning: LF will be replaced by CRLF in assets/bootstrap/js/bootstrap.min.js.
The file will have its original line endings in your working directory.


----------

Thu Feb 06 2020 12:58:54 GMT+0000 (GMT Standard Time)

warning: LF will be replaced by CRLF in assets/js/jquery.min.js.
The file will have its original line endings in your working directory.


----------

Thu Feb 06 2020 12:58:54 GMT+0000 (GMT Standard Time)

warning: LF will be replaced by CRLF in index.html.
The file will have its original line endings in your working directory.


----------

Thu Feb 06 2020 12:58:54 GMT+0000 (GMT Standard Time)

warning: LF will be replaced by CRLF in index.html.
The file will have its original line endings in your working directory.


----------

Thu Feb 06 2020 12:58:54 GMT+0000 (GMT Standard Time)

warning: LF will be replaced by CRLF in index.html.
The file will have its original line endings in your working directory.


----------

Thu Feb 06 2020 12:58:55 GMT+0000 (GMT Standard Time)

bash: /dev/tty: No such device or address


----------

Thu Feb 06 2020 12:58:55 GMT+0000 (GMT Standard Time)

error: failed to execute prompt script (exit code 1)
fatal: could not read Username for 'https://github.com': Invalid argument


----------

Thu Feb 06 2020 13:08:12 GMT+0000 (GMT Standard Time)

warning: LF will be replaced by CRLF in assets/bootstrap/css/bootstrap.min.css.
The file will have its original line endings in your working directory.


----------

Thu Feb 06 2020 13:08:12 GMT+0000 (GMT Standard Time)

warning: LF will be replaced by CRLF in assets/bootstrap/js/bootstrap.min.js.
The file will have its original line endings in your working directory.
warning: LF will be replaced by CRLF in assets/js/jquery.min.js.
The file will have its original line endings in your working directory.


----------

Thu Feb 06 2020 13:08:12 GMT+0000 (GMT Standard Time)

warning: LF will be replaced by CRLF in index.html.
The file will have its original line endings in your working directory.


----------

Thu Feb 06 2020 13:08:12 GMT+0000 (GMT Standard Time)

warning: LF will be replaced by CRLF in index.html.
The file will have its original line endings in your working directory.


----------

Thu Feb 06 2020 13:08:12 GMT+0000 (GMT Standard Time)

warning: LF will be replaced by CRLF in index.html.
The file will have its original line endings in your working directory.


----------

Thu Feb 06 2020 13:08:16 GMT+0000 (GMT Standard Time)

To git@github.com:sallen-wiley/bootstrap-studio-test.git
   a585552..1a8fdd3  master -> master


